<?xml version="1.0" encoding="UTF-8"?>
<beans xmlns="http://www.springframework.org/schema/beans"
       xmlns:xsi="http://www.w3.org/2001/XMLSchema-instance"
       xsi:schemaLocation="http://www.springframework.org/schema/beans
       http://www.springframework.org/schema/beans/spring-beans.xsd">

    <bean id="fuelService" class="com.epam.brest.courses.service.FuelServiceImpl">
        <constructor-arg ref="fuelDao"/>
    </bean>
    <bean id="fuelDtoService" class="com.epam.brest.courses.service.FuelDtoServiceImpl">
        <constructor-arg ref="fuelDtoDao"/>
    </bean>
    <bean id="transportService" class="com.epam.brest.courses.service.TransportServiceImpl">
        <constructor-arg ref="transportDao"/>
    </bean>
    <bean id="fuelDao" class="com.epam.brest.courses.dao.FuelDaoJdbc">
        <constructor-arg ref="jdbcTemplate"/>
    </bean>
    <bean id="fuelDtoDao" class="com.epam.brest.courses.dao.FuelDtoDaoJdbc">
        <constructor-arg ref="jdbcTemplate"/>
    </bean>
    <bean id="transportDao" class="com.epam.brest.courses.dao.TransportDaoJdbc">
        <constructor-arg ref="jdbcTemplate"/>
    </bean>
    <bean id="jdbcTemplate" class="org.springframework.jdbc.core.namedparam.NamedParameterJdbcTemplate">
        <constructor-arg ref="dataSource"/>
    </bean>

</beans>